Library/Bee/Android/Prj/Mono2x/Gradle/unityLibrary/build/intermediates/manifest_merge_blame_file/release/manifest-merger-blame-release-report.txt
1<?xml version="1.0" encoding="utf-8"?>
2<manifest xmlns:android="http://schemas.android.com/apk/res/android"
3    package="com.unity3d.player" >
4
5    <uses-sdk android:minSdkVersion="29" />
5-->src\main\AndroidManifest.xml
6
7    <supports-gl-texture android:name="GL_KHR_texture_compression_astc_ldr" />
7-->src\main\AndroidManifest.xml:3:3-77
7-->src\main\AndroidManifest.xml:3:24-74
8
9    <uses-permission android:name="android.permission.CAMERA" />
9-->src\main\AndroidManifest.xml:4:3-63
9-->src\main\AndroidManifest.xml:4:20-60
10    <uses-permission android:name="android.permission.ACCESS_FINE_LOCATION" />
10-->src\main\AndroidManifest.xml:5:3-77
10-->src\main\AndroidManifest.xml:5:20-74
11    <uses-permission android:name="android.permission.WRITE_EXTERNAL_STORAGE" />
11-->src\main\AndroidManifest.xml:6:3-79
11-->src\main\AndroidManifest.xml:6:20-76
12    <uses-permission android:name="android.permission.READ_EXTERNAL_STORAGE" />
12-->src\main\AndroidManifest.xml:7:3-78
12-->src\main\AndroidManifest.xml:7:20-75
13
14    <uses-feature
14-->src\main\AndroidManifest.xml:8:3-83
15        android:name="android.hardware.camera"
15-->src\main\AndroidManifest.xml:8:17-55
16        android:required="false" />
16-->src\main\AndroidManifest.xml:8:56-80
17    <uses-feature android:glEsVersion="0x00030000" />
17-->src\main\AndroidManifest.xml:9:3-52
17-->src\main\AndroidManifest.xml:9:17-49
18    <uses-feature
18-->src\main\AndroidManifest.xml:10:3-91
19        android:name="android.hardware.vulkan.version"
19-->src\main\AndroidManifest.xml:10:17-63
20        android:required="false" />
20-->src\main\AndroidManifest.xml:10:64-88
21    <uses-feature
21-->src\main\AndroidManifest.xml:11:3-87
22        android:name="android.software.home_screen"
22-->src\main\AndroidManifest.xml:11:17-60
23        android:required="true" />
23-->src\main\AndroidManifest.xml:11:61-84
24    <uses-feature
24-->src\main\AndroidManifest.xml:12:3-93
25        android:name="android.hardware.camera.autofocus"
25-->src\main\AndroidManifest.xml:12:17-65
26        android:required="false" />
26-->src\main\AndroidManifest.xml:12:66-90
27    <uses-feature
27-->src\main\AndroidManifest.xml:13:3-89
28        android:name="android.hardware.camera.front"
28-->src\main\AndroidManifest.xml:13:17-61
29        android:required="false" />
29-->src\main\AndroidManifest.xml:13:62-86
30    <uses-feature
30-->src\main\AndroidManifest.xml:14:3-88
31        android:name="android.hardware.touchscreen"
31-->src\main\AndroidManifest.xml:14:17-60
32        android:required="false" />
32-->src\main\AndroidManifest.xml:14:61-85
33    <uses-feature
33-->src\main\AndroidManifest.xml:15:3-99
34        android:name="android.hardware.touchscreen.multitouch"
34-->src\main\AndroidManifest.xml:15:17-71
35        android:required="false" />
35-->src\main\AndroidManifest.xml:15:72-96
36    <uses-feature
36-->src\main\AndroidManifest.xml:16:3-108
37        android:name="android.hardware.touchscreen.multitouch.distinct"
37-->src\main\AndroidManifest.xml:16:17-80
38        android:required="false" />
38-->src\main\AndroidManifest.xml:16:81-105
39
40    <application android:extractNativeLibs="true" >
40-->src\main\AndroidManifest.xml:17:3-28:17
40-->src\main\AndroidManifest.xml:17:16-48
41        <meta-data
41-->src\main\AndroidManifest.xml:18:5-69
42            android:name="unity.splash-mode"
42-->src\main\AndroidManifest.xml:18:16-48
43            android:value="0" />
43-->src\main\AndroidManifest.xml:18:49-66
44        <meta-data
44-->src\main\AndroidManifest.xml:19:5-74
45            android:name="unity.splash-enable"
45-->src\main\AndroidManifest.xml:19:16-50
46            android:value="True" />
46-->src\main\AndroidManifest.xml:19:51-71
47        <meta-data
47-->src\main\AndroidManifest.xml:20:5-78
48            android:name="unity.launch-fullscreen"
48-->src\main\AndroidManifest.xml:20:16-54
49            android:value="True" />
49-->src\main\AndroidManifest.xml:20:55-75
50        <meta-data
50-->src\main\AndroidManifest.xml:21:5-84
51            android:name="unity.render-outside-safearea"
51-->src\main\AndroidManifest.xml:21:16-60
52            android:value="True" />
52-->src\main\AndroidManifest.xml:21:61-81
53        <meta-data
53-->src\main\AndroidManifest.xml:22:5-81
54            android:name="notch.config"
54-->src\main\AndroidManifest.xml:22:16-43
55            android:value="portrait|landscape" />
55-->src\main\AndroidManifest.xml:22:44-78
56        <meta-data
56-->src\main\AndroidManifest.xml:23:5-84
57            android:name="unity.auto-report-fully-drawn"
57-->src\main\AndroidManifest.xml:23:16-60
58            android:value="true" />
58-->src\main\AndroidManifest.xml:23:61-81
59
60        <intent-filter>
60-->src\main\AndroidManifest.xml:24:5-27:21
61            <action
61-->src\main\AndroidManifest.xml:25:7-118
62                xmlns:android="http://schemas.android.com/apk/res/android"
62-->src\main\AndroidManifest.xml:25:57-115
63                android:name="android.intent.action.MAIN" />
63-->src\main\AndroidManifest.xml:25:15-56
64
65            <category
65-->src\main\AndroidManifest.xml:26:7-126
66                xmlns:android="http://schemas.android.com/apk/res/android"
66-->src\main\AndroidManifest.xml:26:65-123
67                android:name="android.intent.category.LAUNCHER" />
67-->src\main\AndroidManifest.xml:26:17-64
68        </intent-filter>
69    </application>
70
71</manifest>